<?xml version="1.0" encoding="UTF-8"?>
<!-- Generated by org.testng.reporters.JUnitXMLReporter -->
<testsuite ignored="0" hostname="LAPTOP-MVJK2OM8" failures="9" tests="9" name="LoginTest" time="82.645" errors="0" timestamp="2025-04-24T20:31:59 IST">
  <testcase classname="com.qa.test.TC_003_LoginTest" name="verifyLoginTest" time="6.725">
    <failure type="java.lang.AssertionError" message="Login message doesn&amp;apos;t match the expected one! expected [Welcome Neelima@gmail.com:TestCase passed:Login successful] but found [No alert present]">
      <![CDATA[java.lang.AssertionError: Login message doesn't match the expected one! expected [Welcome Neelima@gmail.com:TestCase passed:Login successful] but found [No alert present]
at com.qa.test.TC_003_LoginTest.verifyLoginTest(TC_003_LoginTest.java:127)
at java.base/java.util.ArrayList.forEach(ArrayList.java:1596)
... Removed 30 stack frames]]>
    </failure>
  </testcase> <!-- verifyLoginTest -->
  <testcase classname="com.qa.test.TC_003_LoginTest" name="verifyLoginTest" time="6.683">
    <failure type="java.lang.AssertionError" message="Login message doesn&amp;apos;t match the expected one! expected [Welcome KingKong@gmail.com:TestCase passed:Login successful] but found [No alert present]">
      <![CDATA[java.lang.AssertionError: Login message doesn't match the expected one! expected [Welcome KingKong@gmail.com:TestCase passed:Login successful] but found [No alert present]
at com.qa.test.TC_003_LoginTest.verifyLoginTest(TC_003_LoginTest.java:127)
at java.base/java.util.ArrayList.forEach(ArrayList.java:1596)
... Removed 30 stack frames]]>
    </failure>
  </testcase> <!-- verifyLoginTest -->
  <testcase classname="com.qa.test.TC_003_LoginTest" name="verifyLoginTest" time="6.538">
    <failure type="java.lang.AssertionError" message="Login message doesn&amp;apos;t match the expected one! expected [Wrong password.:TestCase Failed :Login Failed] but found [Wrong password.]">
      <![CDATA[java.lang.AssertionError: Login message doesn't match the expected one! expected [Wrong password.:TestCase Failed :Login Failed] but found [Wrong password.]
at com.qa.test.TC_003_LoginTest.verifyLoginTest(TC_003_LoginTest.java:127)
at java.base/java.util.ArrayList.forEach(ArrayList.java:1596)
... Removed 30 stack frames]]>
    </failure>
  </testcase> <!-- verifyLoginTest -->
  <testcase classname="com.qa.test.TC_003_LoginTest" name="verifyLoginTest" time="6.6">
    <failure type="java.lang.AssertionError" message="Login message doesn&amp;apos;t match the expected one! expected [Please fill out Username and Password.:TestCase Failed:Login Failed] but found [Please fill out Username and Password.]">
      <![CDATA[java.lang.AssertionError: Login message doesn't match the expected one! expected [Please fill out Username and Password.:TestCase Failed:Login Failed] but found [Please fill out Username and Password.]
at com.qa.test.TC_003_LoginTest.verifyLoginTest(TC_003_LoginTest.java:127)
at java.base/java.util.ArrayList.forEach(ArrayList.java:1596)
... Removed 30 stack frames]]>
    </failure>
  </testcase> <!-- verifyLoginTest -->
  <testcase classname="com.qa.test.TC_003_LoginTest" name="verifyLoginTest" time="6.482">
    <failure type="java.lang.AssertionError" message="Login message doesn&amp;apos;t match the expected one! expected [Username cannot be empty:TestCase Failed:Login Failed] but found [Please fill out Username and Password.]">
      <![CDATA[java.lang.AssertionError: Login message doesn't match the expected one! expected [Username cannot be empty:TestCase Failed:Login Failed] but found [Please fill out Username and Password.]
at com.qa.test.TC_003_LoginTest.verifyLoginTest(TC_003_LoginTest.java:127)
at java.base/java.util.ArrayList.forEach(ArrayList.java:1596)
... Removed 30 stack frames]]>
    </failure>
  </testcase> <!-- verifyLoginTest -->
  <testcase classname="com.qa.test.TC_003_LoginTest" name="verifyLoginTest" time="6.559">
    <failure type="java.lang.AssertionError" message="Login message doesn&amp;apos;t match the expected one! expected [Password cannot be empty:TestCase Failed:Login Failed] but found [Please fill out Username and Password.]">
      <![CDATA[java.lang.AssertionError: Login message doesn't match the expected one! expected [Password cannot be empty:TestCase Failed:Login Failed] but found [Please fill out Username and Password.]
at com.qa.test.TC_003_LoginTest.verifyLoginTest(TC_003_LoginTest.java:127)
at java.base/java.util.ArrayList.forEach(ArrayList.java:1596)
... Removed 30 stack frames]]>
    </failure>
  </testcase> <!-- verifyLoginTest -->
  <testcase classname="com.qa.test.TC_003_LoginTest" name="verifyLoginTest" time="6.538">
    <failure type="java.lang.AssertionError" message="Login message doesn&amp;apos;t match the expected one! expected [User does not exist.:TestCase Failed:Login Failed] but found [Wrong password.]">
      <![CDATA[java.lang.AssertionError: Login message doesn't match the expected one! expected [User does not exist.:TestCase Failed:Login Failed] but found [Wrong password.]
at com.qa.test.TC_003_LoginTest.verifyLoginTest(TC_003_LoginTest.java:127)
at java.base/java.util.ArrayList.forEach(ArrayList.java:1596)
... Removed 30 stack frames]]>
    </failure>
  </testcase> <!-- verifyLoginTest -->
  <testcase classname="com.qa.test.TC_003_LoginTest" name="verifyLoginTest" time="6.5">
    <failure type="java.lang.AssertionError" message="Login message doesn&amp;apos;t match the expected one! expected [] but found [Please fill out Username and Password.]">
      <![CDATA[java.lang.AssertionError: Login message doesn't match the expected one! expected [] but found [Please fill out Username and Password.]
at com.qa.test.TC_003_LoginTest.verifyLoginTest(TC_003_LoginTest.java:127)
at java.base/java.util.ArrayList.forEach(ArrayList.java:1596)
... Removed 30 stack frames]]>
    </failure>
  </testcase> <!-- verifyLoginTest -->
  <testcase classname="com.qa.test.TC_003_LoginTest" name="verifyLoginWithModalIsDisplayed" time="0.295">
    <failure type="java.lang.AssertionError" message="❌ Login Modal did not appear or the title did not match &amp;apos;Log in&amp;apos;. expected [true] but found [false]">
      <![CDATA[java.lang.AssertionError: ❌ Login Modal did not appear or the title did not match 'Log in'. expected [true] but found [false]
at com.qa.test.TC_003_LoginTest.verifyLoginWithModalIsDisplayed(TC_003_LoginTest.java:55)
at java.base/java.util.ArrayList.forEach(ArrayList.java:1596)
... Removed 28 stack frames]]>
    </failure>
  </testcase> <!-- verifyLoginWithModalIsDisplayed -->
</testsuite> <!-- LoginTest -->
