<html>
<head>
<title>TestNG:  Test</title>
<link href="../testng.css" rel="stylesheet" type="text/css" />
<link href="../my-testng.css" rel="stylesheet" type="text/css" />

<style type="text/css">
.log { display: none;} 
.stack-trace { display: none;} 
</style>
<script type="text/javascript">
<!--
function flip(e) {
  current = e.style.display;
  if (current == 'block') {
    e.style.display = 'none';
    return 0;
  }
  else {
    e.style.display = 'block';
    return 1;
  }
}

function toggleBox(szDivId, elem, msg1, msg2)
{
  var res = -1;  if (document.getElementById) {
    res = flip(document.getElementById(szDivId));
  }
  else if (document.all) {
    // this is the way old msie versions work
    res = flip(document.all[szDivId]);
  }
  if(elem) {
    if(res == 0) elem.innerHTML = msg1; else elem.innerHTML = msg2;
  }

}

function toggleAllBoxes() {
  if (document.getElementsByTagName) {
    d = document.getElementsByTagName('div');
    for (i = 0; i < d.length; i++) {
      if (d[i].className == 'log') {
        flip(d[i]);
      }
    }
  }
}

// -->
</script>

</head>
<body>
<h2 align='center'>Test</h2><table border='1' align="center">
<tr>
<td>Tests passed/Failed/Skipped:</td><td>0/0/14</td>
</tr><tr>
<td>Started on:</td><td>Fri Apr 25 02:53:28 IST 2025</td>
</tr>
<tr><td>Total time:</td><td>0 seconds (253 ms)</td>
</tr><tr>
<td>Included groups:</td><td></td>
</tr><tr>
<td>Excluded groups:</td><td></td>
</tr>
</table><p/>
<small><i>(Hover the method name to see the test class name)</i></small><p/>
<table width='100%' border='1' class='invocation-failed'>
<tr><td colspan='4' align='center'><b>FAILED CONFIGURATIONS</b></td></tr>
<tr><td><b>Test method</b></td>
<td><b>Attribute(s)</b></td>
<td width="30%"><b>Exception</b></td>
<td width="10%"><b>Time (seconds)</b></td>
<td><b>Instance</b></td>
</tr>
<tr>
<td title='com.qa.test.TC_001_HomePageTest.launchingAndLoadingURL()'><b>launchingAndLoadingURL</b><br>Test class: com.qa.test.TC_001_HomePageTest</td>
<td><div><pre>org.testng.TestNGException: 
Parameter &apos;browser&apos; is required by BeforeMethod on method launchingAndLoadingURL but has not been marked @Optional or defined
in C:\Users\ADMIN\eclipse-workspace1\GuviMiniProject\testngHomePage.xml
	at java.base/java.util.ArrayList.forEach(ArrayList.java:1596)
... Removed 28 stack frames</pre></div><a href='#' onClick='toggleBox("stack-trace385739920", this, "Click to show all stack frames", "Click to hide stack frames")'>Click to show all stack frames</a>
<div class='stack-trace' id='stack-trace385739920'><pre>org.testng.TestNGException: 
Parameter &apos;browser&apos; is required by BeforeMethod on method launchingAndLoadingURL but has not been marked @Optional or defined
in C:\Users\ADMIN\eclipse-workspace1\GuviMiniProject\testngHomePage.xml
	at org.testng.internal.Parameters.createParams(Parameters.java:264)
	at org.testng.internal.Parameters.createParametersForMethod(Parameters.java:352)
	at org.testng.internal.Parameters.createParameters(Parameters.java:690)
	at org.testng.internal.Parameters.createConfigurationParameters(Parameters.java:163)
	at org.testng.internal.invokers.ConfigInvoker.invokeConfigurations(ConfigInvoker.java:313)
	at org.testng.internal.invokers.TestInvoker.runConfigMethods(TestInvoker.java:836)
	at org.testng.internal.invokers.TestInvoker.invokeMethod(TestInvoker.java:601)
	at org.testng.internal.invokers.TestInvoker.invokeTestMethod(TestInvoker.java:230)
	at org.testng.internal.invokers.MethodRunner.runInSequence(MethodRunner.java:63)
	at org.testng.internal.invokers.TestInvoker$MethodInvocationAgent.invoke(TestInvoker.java:995)
	at org.testng.internal.invokers.TestInvoker.invokeTestMethods(TestInvoker.java:203)
	at org.testng.internal.invokers.TestMethodWorker.invokeTestMethods(TestMethodWorker.java:154)
	at org.testng.internal.invokers.TestMethodWorker.run(TestMethodWorker.java:134)
	at java.base/java.util.ArrayList.forEach(ArrayList.java:1596)
	at org.testng.TestRunner.privateRun(TestRunner.java:741)
	at org.testng.TestRunner.run(TestRunner.java:616)
	at org.testng.SuiteRunner.runTest(SuiteRunner.java:421)
	at org.testng.SuiteRunner.runSequentially(SuiteRunner.java:413)
	at org.testng.SuiteRunner.privateRun(SuiteRunner.java:373)
	at org.testng.SuiteRunner.run(SuiteRunner.java:312)
	at org.testng.SuiteRunnerWorker.runSuite(SuiteRunnerWorker.java:52)
	at org.testng.SuiteRunnerWorker.run(SuiteRunnerWorker.java:95)
	at org.testng.TestNG.runSuitesSequentially(TestNG.java:1274)
	at org.testng.TestNG.runSuitesLocally(TestNG.java:1208)
	at org.testng.TestNG.runSuites(TestNG.java:1112)
	at org.testng.TestNG.run(TestNG.java:1079)
	at org.testng.remote.AbstractRemoteTestNG.run(AbstractRemoteTestNG.java:115)
	at org.testng.remote.RemoteTestNG.initAndRun(RemoteTestNG.java:293)
	at org.testng.remote.RemoteTestNG.main(RemoteTestNG.java:91)
</pre></div></td>
<td>-1745529808</td>
<td>com.qa.test.TC_001_HomePageTest@50b5ac82</td></tr>
</table><p>
<table width='100%' border='1' class='invocation-skipped'>
<tr><td colspan='4' align='center'><b>SKIPPED CONFIGURATIONS</b></td></tr>
<tr><td><b>Test method</b></td>
<td><b>Attribute(s)</b></td>
<td width="30%"><b>Exception</b></td>
<td width="10%"><b>Time (seconds)</b></td>
<td><b>Instance</b></td>
</tr>
<tr>
<td title='com.qa.test.TC_001_HomePageTest.set()'><b>set</b><br>Test class: com.qa.test.TC_001_HomePageTest</td>
<td></td>
<td>0</td>
<td>com.qa.test.TC_001_HomePageTest@50b5ac82</td></tr>
<tr>
<td title='com.qa.test.TC_001_HomePageTest.launchingAndLoadingURL()'><b>launchingAndLoadingURL</b><br>Test class: com.qa.test.TC_001_HomePageTest</td>
<td></td>
<td>0</td>
<td>com.qa.test.TC_001_HomePageTest@50b5ac82</td></tr>
<tr>
<td title='com.qa.test.TC_001_HomePageTest.launchingAndLoadingURL()'><b>launchingAndLoadingURL</b><br>Test class: com.qa.test.TC_001_HomePageTest</td>
<td></td>
<td>0</td>
<td>com.qa.test.TC_001_HomePageTest@50b5ac82</td></tr>
<tr>
<td title='com.qa.test.TC_001_HomePageTest.set()'><b>set</b><br>Test class: com.qa.test.TC_001_HomePageTest</td>
<td></td>
<td>0</td>
<td>com.qa.test.TC_001_HomePageTest@50b5ac82</td></tr>
<tr>
<td title='com.qa.test.TC_001_HomePageTest.set()'><b>set</b><br>Test class: com.qa.test.TC_001_HomePageTest</td>
<td></td>
<td>0</td>
<td>com.qa.test.TC_001_HomePageTest@50b5ac82</td></tr>
<tr>
<td title='com.qa.test.TC_001_HomePageTest.set()'><b>set</b><br>Test class: com.qa.test.TC_001_HomePageTest</td>
<td></td>
<td>0</td>
<td>com.qa.test.TC_001_HomePageTest@50b5ac82</td></tr>
<tr>
<td title='com.qa.test.TC_001_HomePageTest.set()'><b>set</b><br>Test class: com.qa.test.TC_001_HomePageTest</td>
<td></td>
<td>0</td>
<td>com.qa.test.TC_001_HomePageTest@50b5ac82</td></tr>
<tr>
<td title='com.qa.test.TC_001_HomePageTest.browserClose()'><b>browserClose</b><br>Test class: com.qa.test.TC_001_HomePageTest</td>
<td></td>
<td>0</td>
<td>com.qa.test.TC_001_HomePageTest@50b5ac82</td></tr>
<tr>
<td title='com.qa.test.TC_001_HomePageTest.browserClose()'><b>browserClose</b><br>Test class: com.qa.test.TC_001_HomePageTest</td>
<td></td>
<td>0</td>
<td>com.qa.test.TC_001_HomePageTest@50b5ac82</td></tr>
<tr>
<td title='com.qa.test.TC_001_HomePageTest.browserClose()'><b>browserClose</b><br>Test class: com.qa.test.TC_001_HomePageTest</td>
<td></td>
<td>0</td>
<td>com.qa.test.TC_001_HomePageTest@50b5ac82</td></tr>
<tr>
<td title='com.qa.test.TC_001_HomePageTest.set()'><b>set</b><br>Test class: com.qa.test.TC_001_HomePageTest</td>
<td></td>
<td>0</td>
<td>com.qa.test.TC_001_HomePageTest@50b5ac82</td></tr>
<tr>
<td title='com.qa.test.TC_001_HomePageTest.set()'><b>set</b><br>Test class: com.qa.test.TC_001_HomePageTest</td>
<td></td>
<td>0</td>
<td>com.qa.test.TC_001_HomePageTest@50b5ac82</td></tr>
<tr>
<td title='com.qa.test.TC_001_HomePageTest.set()'><b>set</b><br>Test class: com.qa.test.TC_001_HomePageTest</td>
<td></td>
<td>0</td>
<td>com.qa.test.TC_001_HomePageTest@50b5ac82</td></tr>
<tr>
<td title='com.qa.test.TC_001_HomePageTest.launchingAndLoadingURL()'><b>launchingAndLoadingURL</b><br>Test class: com.qa.test.TC_001_HomePageTest</td>
<td></td>
<td>0</td>
<td>com.qa.test.TC_001_HomePageTest@50b5ac82</td></tr>
<tr>
<td title='com.qa.test.TC_001_HomePageTest.launchingAndLoadingURL()'><b>launchingAndLoadingURL</b><br>Test class: com.qa.test.TC_001_HomePageTest</td>
<td></td>
<td>0</td>
<td>com.qa.test.TC_001_HomePageTest@50b5ac82</td></tr>
<tr>
<td title='com.qa.test.TC_001_HomePageTest.launchingAndLoadingURL()'><b>launchingAndLoadingURL</b><br>Test class: com.qa.test.TC_001_HomePageTest</td>
<td></td>
<td>0</td>
<td>com.qa.test.TC_001_HomePageTest@50b5ac82</td></tr>
<tr>
<td title='com.qa.test.TC_001_HomePageTest.launchingAndLoadingURL()'><b>launchingAndLoadingURL</b><br>Test class: com.qa.test.TC_001_HomePageTest</td>
<td></td>
<td>0</td>
<td>com.qa.test.TC_001_HomePageTest@50b5ac82</td></tr>
<tr>
<td title='com.qa.test.TC_001_HomePageTest.browserClose()'><b>browserClose</b><br>Test class: com.qa.test.TC_001_HomePageTest</td>
<td></td>
<td>0</td>
<td>com.qa.test.TC_001_HomePageTest@50b5ac82</td></tr>
<tr>
<td title='com.qa.test.TC_001_HomePageTest.launchingAndLoadingURL()'><b>launchingAndLoadingURL</b><br>Test class: com.qa.test.TC_001_HomePageTest</td>
<td></td>
<td>0</td>
<td>com.qa.test.TC_001_HomePageTest@50b5ac82</td></tr>
<tr>
<td title='com.qa.test.TC_001_HomePageTest.browserClose()'><b>browserClose</b><br>Test class: com.qa.test.TC_001_HomePageTest</td>
<td></td>
<td>0</td>
<td>com.qa.test.TC_001_HomePageTest@50b5ac82</td></tr>
<tr>
<td title='com.qa.test.TC_001_HomePageTest.set()'><b>set</b><br>Test class: com.qa.test.TC_001_HomePageTest</td>
<td></td>
<td>0</td>
<td>com.qa.test.TC_001_HomePageTest@50b5ac82</td></tr>
<tr>
<td title='com.qa.test.TC_001_HomePageTest.launchingAndLoadingURL()'><b>launchingAndLoadingURL</b><br>Test class: com.qa.test.TC_001_HomePageTest</td>
<td></td>
<td>0</td>
<td>com.qa.test.TC_001_HomePageTest@50b5ac82</td></tr>
<tr>
<td title='com.qa.test.TC_001_HomePageTest.launchingAndLoadingURL()'><b>launchingAndLoadingURL</b><br>Test class: com.qa.test.TC_001_HomePageTest</td>
<td></td>
<td>0</td>
<td>com.qa.test.TC_001_HomePageTest@50b5ac82</td></tr>
<tr>
<td title='com.qa.test.TC_001_HomePageTest.launchingAndLoadingURL()'><b>launchingAndLoadingURL</b><br>Test class: com.qa.test.TC_001_HomePageTest</td>
<td></td>
<td>0</td>
<td>com.qa.test.TC_001_HomePageTest@50b5ac82</td></tr>
<tr>
<td title='com.qa.test.TC_001_HomePageTest.set()'><b>set</b><br>Test class: com.qa.test.TC_001_HomePageTest</td>
<td></td>
<td>0</td>
<td>com.qa.test.TC_001_HomePageTest@50b5ac82</td></tr>
<tr>
<td title='com.qa.test.TC_001_HomePageTest.browserClose()'><b>browserClose</b><br>Test class: com.qa.test.TC_001_HomePageTest</td>
<td></td>
<td>0</td>
<td>com.qa.test.TC_001_HomePageTest@50b5ac82</td></tr>
<tr>
<td title='com.qa.test.TC_001_HomePageTest.browserClose()'><b>browserClose</b><br>Test class: com.qa.test.TC_001_HomePageTest</td>
<td></td>
<td>0</td>
<td>com.qa.test.TC_001_HomePageTest@50b5ac82</td></tr>
<tr>
<td title='com.qa.test.TC_001_HomePageTest.browserClose()'><b>browserClose</b><br>Test class: com.qa.test.TC_001_HomePageTest</td>
<td></td>
<td>0</td>
<td>com.qa.test.TC_001_HomePageTest@50b5ac82</td></tr>
<tr>
<td title='com.qa.test.TC_001_HomePageTest.browserClose()'><b>browserClose</b><br>Test class: com.qa.test.TC_001_HomePageTest</td>
<td></td>
<td>0</td>
<td>com.qa.test.TC_001_HomePageTest@50b5ac82</td></tr>
<tr>
<td title='com.qa.test.TC_001_HomePageTest.launchingAndLoadingURL()'><b>launchingAndLoadingURL</b><br>Test class: com.qa.test.TC_001_HomePageTest</td>
<td></td>
<td>0</td>
<td>com.qa.test.TC_001_HomePageTest@50b5ac82</td></tr>
<tr>
<td title='com.qa.test.TC_001_HomePageTest.launchingAndLoadingURL()'><b>launchingAndLoadingURL</b><br>Test class: com.qa.test.TC_001_HomePageTest</td>
<td></td>
<td>0</td>
<td>com.qa.test.TC_001_HomePageTest@50b5ac82</td></tr>
<tr>
<td title='com.qa.test.TC_001_HomePageTest.browserClose()'><b>browserClose</b><br>Test class: com.qa.test.TC_001_HomePageTest</td>
<td></td>
<td>0</td>
<td>com.qa.test.TC_001_HomePageTest@50b5ac82</td></tr>
<tr>
<td title='com.qa.test.TC_001_HomePageTest.set()'><b>set</b><br>Test class: com.qa.test.TC_001_HomePageTest</td>
<td></td>
<td>0</td>
<td>com.qa.test.TC_001_HomePageTest@50b5ac82</td></tr>
<tr>
<td title='com.qa.test.TC_001_HomePageTest.set()'><b>set</b><br>Test class: com.qa.test.TC_001_HomePageTest</td>
<td></td>
<td>0</td>
<td>com.qa.test.TC_001_HomePageTest@50b5ac82</td></tr>
<tr>
<td title='com.qa.test.TC_001_HomePageTest.set()'><b>set</b><br>Test class: com.qa.test.TC_001_HomePageTest</td>
<td></td>
<td>0</td>
<td>com.qa.test.TC_001_HomePageTest@50b5ac82</td></tr>
<tr>
<td title='com.qa.test.TC_001_HomePageTest.browserClose()'><b>browserClose</b><br>Test class: com.qa.test.TC_001_HomePageTest</td>
<td></td>
<td>0</td>
<td>com.qa.test.TC_001_HomePageTest@50b5ac82</td></tr>
<tr>
<td title='com.qa.test.TC_001_HomePageTest.launchingAndLoadingURL()'><b>launchingAndLoadingURL</b><br>Test class: com.qa.test.TC_001_HomePageTest</td>
<td></td>
<td>0</td>
<td>com.qa.test.TC_001_HomePageTest@50b5ac82</td></tr>
<tr>
<td title='com.qa.test.TC_001_HomePageTest.browserClose()'><b>browserClose</b><br>Test class: com.qa.test.TC_001_HomePageTest</td>
<td></td>
<td>0</td>
<td>com.qa.test.TC_001_HomePageTest@50b5ac82</td></tr>
<tr>
<td title='com.qa.test.TC_001_HomePageTest.set()'><b>set</b><br>Test class: com.qa.test.TC_001_HomePageTest</td>
<td></td>
<td>0</td>
<td>com.qa.test.TC_001_HomePageTest@50b5ac82</td></tr>
<tr>
<td title='com.qa.test.TC_001_HomePageTest.browserClose()'><b>browserClose</b><br>Test class: com.qa.test.TC_001_HomePageTest</td>
<td></td>
<td>0</td>
<td>com.qa.test.TC_001_HomePageTest@50b5ac82</td></tr>
<tr>
<td title='com.qa.test.TC_001_HomePageTest.browserClose()'><b>browserClose</b><br>Test class: com.qa.test.TC_001_HomePageTest</td>
<td></td>
<td>0</td>
<td>com.qa.test.TC_001_HomePageTest@50b5ac82</td></tr>
</table><p>
<table width='100%' border='1' class='invocation-skipped'>
<tr><td colspan='4' align='center'><b>SKIPPED TESTS</b></td></tr>
<tr><td><b>Test method</b></td>
<td><b>Attribute(s)</b></td>
<td width="30%"><b>Exception</b></td>
<td width="10%"><b>Time (seconds)</b></td>
<td><b>Instance</b></td>
</tr>
<tr>
<td title='com.qa.test.TC_001_HomePageTest.verifyHomePageTitle()'><b>verifyHomePageTitle</b><br>Test class: com.qa.test.TC_001_HomePageTest</td>
<td><div><pre>org.testng.TestNGException: 
Parameter &apos;browser&apos; is required by BeforeMethod on method launchingAndLoadingURL but has not been marked @Optional or defined
in C:\Users\ADMIN\eclipse-workspace1\GuviMiniProject\testngHomePage.xml
	at java.base/java.util.ArrayList.forEach(ArrayList.java:1596)
... Removed 28 stack frames</pre></div><a href='#' onClick='toggleBox("stack-trace323823279", this, "Click to show all stack frames", "Click to hide stack frames")'>Click to show all stack frames</a>
<div class='stack-trace' id='stack-trace323823279'><pre>org.testng.TestNGException: 
Parameter &apos;browser&apos; is required by BeforeMethod on method launchingAndLoadingURL but has not been marked @Optional or defined
in C:\Users\ADMIN\eclipse-workspace1\GuviMiniProject\testngHomePage.xml
	at org.testng.internal.Parameters.createParams(Parameters.java:264)
	at org.testng.internal.Parameters.createParametersForMethod(Parameters.java:352)
	at org.testng.internal.Parameters.createParameters(Parameters.java:690)
	at org.testng.internal.Parameters.createConfigurationParameters(Parameters.java:163)
	at org.testng.internal.invokers.ConfigInvoker.invokeConfigurations(ConfigInvoker.java:313)
	at org.testng.internal.invokers.TestInvoker.runConfigMethods(TestInvoker.java:836)
	at org.testng.internal.invokers.TestInvoker.invokeMethod(TestInvoker.java:601)
	at org.testng.internal.invokers.TestInvoker.invokeTestMethod(TestInvoker.java:230)
	at org.testng.internal.invokers.MethodRunner.runInSequence(MethodRunner.java:63)
	at org.testng.internal.invokers.TestInvoker$MethodInvocationAgent.invoke(TestInvoker.java:995)
	at org.testng.internal.invokers.TestInvoker.invokeTestMethods(TestInvoker.java:203)
	at org.testng.internal.invokers.TestMethodWorker.invokeTestMethods(TestMethodWorker.java:154)
	at org.testng.internal.invokers.TestMethodWorker.run(TestMethodWorker.java:134)
	at java.base/java.util.ArrayList.forEach(ArrayList.java:1596)
	at org.testng.TestRunner.privateRun(TestRunner.java:741)
	at org.testng.TestRunner.run(TestRunner.java:616)
	at org.testng.SuiteRunner.runTest(SuiteRunner.java:421)
	at org.testng.SuiteRunner.runSequentially(SuiteRunner.java:413)
	at org.testng.SuiteRunner.privateRun(SuiteRunner.java:373)
	at org.testng.SuiteRunner.run(SuiteRunner.java:312)
	at org.testng.SuiteRunnerWorker.runSuite(SuiteRunnerWorker.java:52)
	at org.testng.SuiteRunnerWorker.run(SuiteRunnerWorker.java:95)
	at org.testng.TestNG.runSuitesSequentially(TestNG.java:1274)
	at org.testng.TestNG.runSuitesLocally(TestNG.java:1208)
	at org.testng.TestNG.runSuites(TestNG.java:1112)
	at org.testng.TestNG.run(TestNG.java:1079)
	at org.testng.remote.AbstractRemoteTestNG.run(AbstractRemoteTestNG.java:115)
	at org.testng.remote.RemoteTestNG.initAndRun(RemoteTestNG.java:293)
	at org.testng.remote.RemoteTestNG.main(RemoteTestNG.java:91)
</pre></div></td>
<td>0</td>
<td>com.qa.test.TC_001_HomePageTest@50b5ac82</td></tr>
<tr>
<td title='com.qa.test.TC_001_HomePageTest.verifyPrevButtonDisplaysFirstImage()'><b>verifyPrevButtonDisplaysFirstImage</b><br>Test class: com.qa.test.TC_001_HomePageTest</td>
<td><div><pre>org.testng.TestNGException: 
Parameter &apos;browser&apos; is required by BeforeMethod on method launchingAndLoadingURL but has not been marked @Optional or defined
in C:\Users\ADMIN\eclipse-workspace1\GuviMiniProject\testngHomePage.xml
	at java.base/java.util.ArrayList.forEach(ArrayList.java:1596)
... Removed 28 stack frames</pre></div><a href='#' onClick='toggleBox("stack-trace692743054", this, "Click to show all stack frames", "Click to hide stack frames")'>Click to show all stack frames</a>
<div class='stack-trace' id='stack-trace692743054'><pre>org.testng.TestNGException: 
Parameter &apos;browser&apos; is required by BeforeMethod on method launchingAndLoadingURL but has not been marked @Optional or defined
in C:\Users\ADMIN\eclipse-workspace1\GuviMiniProject\testngHomePage.xml
	at org.testng.internal.Parameters.createParams(Parameters.java:264)
	at org.testng.internal.Parameters.createParametersForMethod(Parameters.java:352)
	at org.testng.internal.Parameters.createParameters(Parameters.java:690)
	at org.testng.internal.Parameters.createConfigurationParameters(Parameters.java:163)
	at org.testng.internal.invokers.ConfigInvoker.invokeConfigurations(ConfigInvoker.java:313)
	at org.testng.internal.invokers.TestInvoker.runConfigMethods(TestInvoker.java:836)
	at org.testng.internal.invokers.TestInvoker.invokeMethod(TestInvoker.java:601)
	at org.testng.internal.invokers.TestInvoker.invokeTestMethod(TestInvoker.java:230)
	at org.testng.internal.invokers.MethodRunner.runInSequence(MethodRunner.java:63)
	at org.testng.internal.invokers.TestInvoker$MethodInvocationAgent.invoke(TestInvoker.java:995)
	at org.testng.internal.invokers.TestInvoker.invokeTestMethods(TestInvoker.java:203)
	at org.testng.internal.invokers.TestMethodWorker.invokeTestMethods(TestMethodWorker.java:154)
	at org.testng.internal.invokers.TestMethodWorker.run(TestMethodWorker.java:134)
	at java.base/java.util.ArrayList.forEach(ArrayList.java:1596)
	at org.testng.TestRunner.privateRun(TestRunner.java:741)
	at org.testng.TestRunner.run(TestRunner.java:616)
	at org.testng.SuiteRunner.runTest(SuiteRunner.java:421)
	at org.testng.SuiteRunner.runSequentially(SuiteRunner.java:413)
	at org.testng.SuiteRunner.privateRun(SuiteRunner.java:373)
	at org.testng.SuiteRunner.run(SuiteRunner.java:312)
	at org.testng.SuiteRunnerWorker.runSuite(SuiteRunnerWorker.java:52)
	at org.testng.SuiteRunnerWorker.run(SuiteRunnerWorker.java:95)
	at org.testng.TestNG.runSuitesSequentially(TestNG.java:1274)
	at org.testng.TestNG.runSuitesLocally(TestNG.java:1208)
	at org.testng.TestNG.runSuites(TestNG.java:1112)
	at org.testng.TestNG.run(TestNG.java:1079)
	at org.testng.remote.AbstractRemoteTestNG.run(AbstractRemoteTestNG.java:115)
	at org.testng.remote.RemoteTestNG.initAndRun(RemoteTestNG.java:293)
	at org.testng.remote.RemoteTestNG.main(RemoteTestNG.java:91)
</pre></div></td>
<td>0</td>
<td>com.qa.test.TC_001_HomePageTest@50b5ac82</td></tr>
<tr>
<td title='com.qa.test.TC_001_HomePageTest.verifyAppUrl()'><b>verifyAppUrl</b><br>Test class: com.qa.test.TC_001_HomePageTest</td>
<td><div><pre>org.testng.TestNGException: 
Parameter &apos;browser&apos; is required by BeforeMethod on method launchingAndLoadingURL but has not been marked @Optional or defined
in C:\Users\ADMIN\eclipse-workspace1\GuviMiniProject\testngHomePage.xml
	at java.base/java.util.ArrayList.forEach(ArrayList.java:1596)
... Removed 28 stack frames</pre></div><a href='#' onClick='toggleBox("stack-trace2016949136", this, "Click to show all stack frames", "Click to hide stack frames")'>Click to show all stack frames</a>
<div class='stack-trace' id='stack-trace2016949136'><pre>org.testng.TestNGException: 
Parameter &apos;browser&apos; is required by BeforeMethod on method launchingAndLoadingURL but has not been marked @Optional or defined
in C:\Users\ADMIN\eclipse-workspace1\GuviMiniProject\testngHomePage.xml
	at org.testng.internal.Parameters.createParams(Parameters.java:264)
	at org.testng.internal.Parameters.createParametersForMethod(Parameters.java:352)
	at org.testng.internal.Parameters.createParameters(Parameters.java:690)
	at org.testng.internal.Parameters.createConfigurationParameters(Parameters.java:163)
	at org.testng.internal.invokers.ConfigInvoker.invokeConfigurations(ConfigInvoker.java:313)
	at org.testng.internal.invokers.TestInvoker.runConfigMethods(TestInvoker.java:836)
	at org.testng.internal.invokers.TestInvoker.invokeMethod(TestInvoker.java:601)
	at org.testng.internal.invokers.TestInvoker.invokeTestMethod(TestInvoker.java:230)
	at org.testng.internal.invokers.MethodRunner.runInSequence(MethodRunner.java:63)
	at org.testng.internal.invokers.TestInvoker$MethodInvocationAgent.invoke(TestInvoker.java:995)
	at org.testng.internal.invokers.TestInvoker.invokeTestMethods(TestInvoker.java:203)
	at org.testng.internal.invokers.TestMethodWorker.invokeTestMethods(TestMethodWorker.java:154)
	at org.testng.internal.invokers.TestMethodWorker.run(TestMethodWorker.java:134)
	at java.base/java.util.ArrayList.forEach(ArrayList.java:1596)
	at org.testng.TestRunner.privateRun(TestRunner.java:741)
	at org.testng.TestRunner.run(TestRunner.java:616)
	at org.testng.SuiteRunner.runTest(SuiteRunner.java:421)
	at org.testng.SuiteRunner.runSequentially(SuiteRunner.java:413)
	at org.testng.SuiteRunner.privateRun(SuiteRunner.java:373)
	at org.testng.SuiteRunner.run(SuiteRunner.java:312)
	at org.testng.SuiteRunnerWorker.runSuite(SuiteRunnerWorker.java:52)
	at org.testng.SuiteRunnerWorker.run(SuiteRunnerWorker.java:95)
	at org.testng.TestNG.runSuitesSequentially(TestNG.java:1274)
	at org.testng.TestNG.runSuitesLocally(TestNG.java:1208)
	at org.testng.TestNG.runSuites(TestNG.java:1112)
	at org.testng.TestNG.run(TestNG.java:1079)
	at org.testng.remote.AbstractRemoteTestNG.run(AbstractRemoteTestNG.java:115)
	at org.testng.remote.RemoteTestNG.initAndRun(RemoteTestNG.java:293)
	at org.testng.remote.RemoteTestNG.main(RemoteTestNG.java:91)
</pre></div></td>
<td>0</td>
<td>com.qa.test.TC_001_HomePageTest@50b5ac82</td></tr>
<tr>
<td title='com.qa.test.TC_001_HomePageTest.verifyLogoIsDisplayed()'><b>verifyLogoIsDisplayed</b><br>Test class: com.qa.test.TC_001_HomePageTest</td>
<td><div><pre>org.testng.TestNGException: 
Parameter &apos;browser&apos; is required by BeforeMethod on method launchingAndLoadingURL but has not been marked @Optional or defined
in C:\Users\ADMIN\eclipse-workspace1\GuviMiniProject\testngHomePage.xml
	at java.base/java.util.ArrayList.forEach(ArrayList.java:1596)
... Removed 28 stack frames</pre></div><a href='#' onClick='toggleBox("stack-trace1262408432", this, "Click to show all stack frames", "Click to hide stack frames")'>Click to show all stack frames</a>
<div class='stack-trace' id='stack-trace1262408432'><pre>org.testng.TestNGException: 
Parameter &apos;browser&apos; is required by BeforeMethod on method launchingAndLoadingURL but has not been marked @Optional or defined
in C:\Users\ADMIN\eclipse-workspace1\GuviMiniProject\testngHomePage.xml
	at org.testng.internal.Parameters.createParams(Parameters.java:264)
	at org.testng.internal.Parameters.createParametersForMethod(Parameters.java:352)
	at org.testng.internal.Parameters.createParameters(Parameters.java:690)
	at org.testng.internal.Parameters.createConfigurationParameters(Parameters.java:163)
	at org.testng.internal.invokers.ConfigInvoker.invokeConfigurations(ConfigInvoker.java:313)
	at org.testng.internal.invokers.TestInvoker.runConfigMethods(TestInvoker.java:836)
	at org.testng.internal.invokers.TestInvoker.invokeMethod(TestInvoker.java:601)
	at org.testng.internal.invokers.TestInvoker.invokeTestMethod(TestInvoker.java:230)
	at org.testng.internal.invokers.MethodRunner.runInSequence(MethodRunner.java:63)
	at org.testng.internal.invokers.TestInvoker$MethodInvocationAgent.invoke(TestInvoker.java:995)
	at org.testng.internal.invokers.TestInvoker.invokeTestMethods(TestInvoker.java:203)
	at org.testng.internal.invokers.TestMethodWorker.invokeTestMethods(TestMethodWorker.java:154)
	at org.testng.internal.invokers.TestMethodWorker.run(TestMethodWorker.java:134)
	at java.base/java.util.ArrayList.forEach(ArrayList.java:1596)
	at org.testng.TestRunner.privateRun(TestRunner.java:741)
	at org.testng.TestRunner.run(TestRunner.java:616)
	at org.testng.SuiteRunner.runTest(SuiteRunner.java:421)
	at org.testng.SuiteRunner.runSequentially(SuiteRunner.java:413)
	at org.testng.SuiteRunner.privateRun(SuiteRunner.java:373)
	at org.testng.SuiteRunner.run(SuiteRunner.java:312)
	at org.testng.SuiteRunnerWorker.runSuite(SuiteRunnerWorker.java:52)
	at org.testng.SuiteRunnerWorker.run(SuiteRunnerWorker.java:95)
	at org.testng.TestNG.runSuitesSequentially(TestNG.java:1274)
	at org.testng.TestNG.runSuitesLocally(TestNG.java:1208)
	at org.testng.TestNG.runSuites(TestNG.java:1112)
	at org.testng.TestNG.run(TestNG.java:1079)
	at org.testng.remote.AbstractRemoteTestNG.run(AbstractRemoteTestNG.java:115)
	at org.testng.remote.RemoteTestNG.initAndRun(RemoteTestNG.java:293)
	at org.testng.remote.RemoteTestNG.main(RemoteTestNG.java:91)
</pre></div></td>
<td>0</td>
<td>com.qa.test.TC_001_HomePageTest@50b5ac82</td></tr>
<tr>
<td title='com.qa.test.TC_001_HomePageTest.verifyLoginIsActive()'><b>verifyLoginIsActive</b><br>Test class: com.qa.test.TC_001_HomePageTest</td>
<td><div><pre>org.testng.TestNGException: 
Parameter &apos;browser&apos; is required by BeforeMethod on method launchingAndLoadingURL but has not been marked @Optional or defined
in C:\Users\ADMIN\eclipse-workspace1\GuviMiniProject\testngHomePage.xml
	at java.base/java.util.ArrayList.forEach(ArrayList.java:1596)
... Removed 28 stack frames</pre></div><a href='#' onClick='toggleBox("stack-trace392904516", this, "Click to show all stack frames", "Click to hide stack frames")'>Click to show all stack frames</a>
<div class='stack-trace' id='stack-trace392904516'><pre>org.testng.TestNGException: 
Parameter &apos;browser&apos; is required by BeforeMethod on method launchingAndLoadingURL but has not been marked @Optional or defined
in C:\Users\ADMIN\eclipse-workspace1\GuviMiniProject\testngHomePage.xml
	at org.testng.internal.Parameters.createParams(Parameters.java:264)
	at org.testng.internal.Parameters.createParametersForMethod(Parameters.java:352)
	at org.testng.internal.Parameters.createParameters(Parameters.java:690)
	at org.testng.internal.Parameters.createConfigurationParameters(Parameters.java:163)
	at org.testng.internal.invokers.ConfigInvoker.invokeConfigurations(ConfigInvoker.java:313)
	at org.testng.internal.invokers.TestInvoker.runConfigMethods(TestInvoker.java:836)
	at org.testng.internal.invokers.TestInvoker.invokeMethod(TestInvoker.java:601)
	at org.testng.internal.invokers.TestInvoker.invokeTestMethod(TestInvoker.java:230)
	at org.testng.internal.invokers.MethodRunner.runInSequence(MethodRunner.java:63)
	at org.testng.internal.invokers.TestInvoker$MethodInvocationAgent.invoke(TestInvoker.java:995)
	at org.testng.internal.invokers.TestInvoker.invokeTestMethods(TestInvoker.java:203)
	at org.testng.internal.invokers.TestMethodWorker.invokeTestMethods(TestMethodWorker.java:154)
	at org.testng.internal.invokers.TestMethodWorker.run(TestMethodWorker.java:134)
	at java.base/java.util.ArrayList.forEach(ArrayList.java:1596)
	at org.testng.TestRunner.privateRun(TestRunner.java:741)
	at org.testng.TestRunner.run(TestRunner.java:616)
	at org.testng.SuiteRunner.runTest(SuiteRunner.java:421)
	at org.testng.SuiteRunner.runSequentially(SuiteRunner.java:413)
	at org.testng.SuiteRunner.privateRun(SuiteRunner.java:373)
	at org.testng.SuiteRunner.run(SuiteRunner.java:312)
	at org.testng.SuiteRunnerWorker.runSuite(SuiteRunnerWorker.java:52)
	at org.testng.SuiteRunnerWorker.run(SuiteRunnerWorker.java:95)
	at org.testng.TestNG.runSuitesSequentially(TestNG.java:1274)
	at org.testng.TestNG.runSuitesLocally(TestNG.java:1208)
	at org.testng.TestNG.runSuites(TestNG.java:1112)
	at org.testng.TestNG.run(TestNG.java:1079)
	at org.testng.remote.AbstractRemoteTestNG.run(AbstractRemoteTestNG.java:115)
	at org.testng.remote.RemoteTestNG.initAndRun(RemoteTestNG.java:293)
	at org.testng.remote.RemoteTestNG.main(RemoteTestNG.java:91)
</pre></div></td>
<td>0</td>
<td>com.qa.test.TC_001_HomePageTest@50b5ac82</td></tr>
<tr>
<td title='com.qa.test.TC_001_HomePageTest.verifyPrevButtonDisplaysImage3()'><b>verifyPrevButtonDisplaysImage3</b><br>Test class: com.qa.test.TC_001_HomePageTest</td>
<td><div><pre>org.testng.TestNGException: 
Parameter &apos;browser&apos; is required by BeforeMethod on method launchingAndLoadingURL but has not been marked @Optional or defined
in C:\Users\ADMIN\eclipse-workspace1\GuviMiniProject\testngHomePage.xml
	at java.base/java.util.ArrayList.forEach(ArrayList.java:1596)
... Removed 28 stack frames</pre></div><a href='#' onClick='toggleBox("stack-trace1327871893", this, "Click to show all stack frames", "Click to hide stack frames")'>Click to show all stack frames</a>
<div class='stack-trace' id='stack-trace1327871893'><pre>org.testng.TestNGException: 
Parameter &apos;browser&apos; is required by BeforeMethod on method launchingAndLoadingURL but has not been marked @Optional or defined
in C:\Users\ADMIN\eclipse-workspace1\GuviMiniProject\testngHomePage.xml
	at org.testng.internal.Parameters.createParams(Parameters.java:264)
	at org.testng.internal.Parameters.createParametersForMethod(Parameters.java:352)
	at org.testng.internal.Parameters.createParameters(Parameters.java:690)
	at org.testng.internal.Parameters.createConfigurationParameters(Parameters.java:163)
	at org.testng.internal.invokers.ConfigInvoker.invokeConfigurations(ConfigInvoker.java:313)
	at org.testng.internal.invokers.TestInvoker.runConfigMethods(TestInvoker.java:836)
	at org.testng.internal.invokers.TestInvoker.invokeMethod(TestInvoker.java:601)
	at org.testng.internal.invokers.TestInvoker.invokeTestMethod(TestInvoker.java:230)
	at org.testng.internal.invokers.MethodRunner.runInSequence(MethodRunner.java:63)
	at org.testng.internal.invokers.TestInvoker$MethodInvocationAgent.invoke(TestInvoker.java:995)
	at org.testng.internal.invokers.TestInvoker.invokeTestMethods(TestInvoker.java:203)
	at org.testng.internal.invokers.TestMethodWorker.invokeTestMethods(TestMethodWorker.java:154)
	at org.testng.internal.invokers.TestMethodWorker.run(TestMethodWorker.java:134)
	at java.base/java.util.ArrayList.forEach(ArrayList.java:1596)
	at org.testng.TestRunner.privateRun(TestRunner.java:741)
	at org.testng.TestRunner.run(TestRunner.java:616)
	at org.testng.SuiteRunner.runTest(SuiteRunner.java:421)
	at org.testng.SuiteRunner.runSequentially(SuiteRunner.java:413)
	at org.testng.SuiteRunner.privateRun(SuiteRunner.java:373)
	at org.testng.SuiteRunner.run(SuiteRunner.java:312)
	at org.testng.SuiteRunnerWorker.runSuite(SuiteRunnerWorker.java:52)
	at org.testng.SuiteRunnerWorker.run(SuiteRunnerWorker.java:95)
	at org.testng.TestNG.runSuitesSequentially(TestNG.java:1274)
	at org.testng.TestNG.runSuitesLocally(TestNG.java:1208)
	at org.testng.TestNG.runSuites(TestNG.java:1112)
	at org.testng.TestNG.run(TestNG.java:1079)
	at org.testng.remote.AbstractRemoteTestNG.run(AbstractRemoteTestNG.java:115)
	at org.testng.remote.RemoteTestNG.initAndRun(RemoteTestNG.java:293)
	at org.testng.remote.RemoteTestNG.main(RemoteTestNG.java:91)
</pre></div></td>
<td>0</td>
<td>com.qa.test.TC_001_HomePageTest@50b5ac82</td></tr>
<tr>
<td title='com.qa.test.TC_001_HomePageTest.verifyCategoryNames()'><b>verifyCategoryNames</b><br>Test class: com.qa.test.TC_001_HomePageTest</td>
<td><div><pre>org.testng.TestNGException: 
Parameter &apos;browser&apos; is required by BeforeMethod on method launchingAndLoadingURL but has not been marked @Optional or defined
in C:\Users\ADMIN\eclipse-workspace1\GuviMiniProject\testngHomePage.xml
	at java.base/java.util.ArrayList.forEach(ArrayList.java:1596)
... Removed 28 stack frames</pre></div><a href='#' onClick='toggleBox("stack-trace1763260873", this, "Click to show all stack frames", "Click to hide stack frames")'>Click to show all stack frames</a>
<div class='stack-trace' id='stack-trace1763260873'><pre>org.testng.TestNGException: 
Parameter &apos;browser&apos; is required by BeforeMethod on method launchingAndLoadingURL but has not been marked @Optional or defined
in C:\Users\ADMIN\eclipse-workspace1\GuviMiniProject\testngHomePage.xml
	at org.testng.internal.Parameters.createParams(Parameters.java:264)
	at org.testng.internal.Parameters.createParametersForMethod(Parameters.java:352)
	at org.testng.internal.Parameters.createParameters(Parameters.java:690)
	at org.testng.internal.Parameters.createConfigurationParameters(Parameters.java:163)
	at org.testng.internal.invokers.ConfigInvoker.invokeConfigurations(ConfigInvoker.java:313)
	at org.testng.internal.invokers.TestInvoker.runConfigMethods(TestInvoker.java:836)
	at org.testng.internal.invokers.TestInvoker.invokeMethod(TestInvoker.java:601)
	at org.testng.internal.invokers.TestInvoker.invokeTestMethod(TestInvoker.java:230)
	at org.testng.internal.invokers.MethodRunner.runInSequence(MethodRunner.java:63)
	at org.testng.internal.invokers.TestInvoker$MethodInvocationAgent.invoke(TestInvoker.java:995)
	at org.testng.internal.invokers.TestInvoker.invokeTestMethods(TestInvoker.java:203)
	at org.testng.internal.invokers.TestMethodWorker.invokeTestMethods(TestMethodWorker.java:154)
	at org.testng.internal.invokers.TestMethodWorker.run(TestMethodWorker.java:134)
	at java.base/java.util.ArrayList.forEach(ArrayList.java:1596)
	at org.testng.TestRunner.privateRun(TestRunner.java:741)
	at org.testng.TestRunner.run(TestRunner.java:616)
	at org.testng.SuiteRunner.runTest(SuiteRunner.java:421)
	at org.testng.SuiteRunner.runSequentially(SuiteRunner.java:413)
	at org.testng.SuiteRunner.privateRun(SuiteRunner.java:373)
	at org.testng.SuiteRunner.run(SuiteRunner.java:312)
	at org.testng.SuiteRunnerWorker.runSuite(SuiteRunnerWorker.java:52)
	at org.testng.SuiteRunnerWorker.run(SuiteRunnerWorker.java:95)
	at org.testng.TestNG.runSuitesSequentially(TestNG.java:1274)
	at org.testng.TestNG.runSuitesLocally(TestNG.java:1208)
	at org.testng.TestNG.runSuites(TestNG.java:1112)
	at org.testng.TestNG.run(TestNG.java:1079)
	at org.testng.remote.AbstractRemoteTestNG.run(AbstractRemoteTestNG.java:115)
	at org.testng.remote.RemoteTestNG.initAndRun(RemoteTestNG.java:293)
	at org.testng.remote.RemoteTestNG.main(RemoteTestNG.java:91)
</pre></div></td>
<td>0</td>
<td>com.qa.test.TC_001_HomePageTest@50b5ac82</td></tr>
<tr>
<td title='com.qa.test.TC_001_HomePageTest.verifyTotalCategories()'><b>verifyTotalCategories</b><br>Test class: com.qa.test.TC_001_HomePageTest</td>
<td><div><pre>org.testng.TestNGException: 
Parameter &apos;browser&apos; is required by BeforeMethod on method launchingAndLoadingURL but has not been marked @Optional or defined
in C:\Users\ADMIN\eclipse-workspace1\GuviMiniProject\testngHomePage.xml
	at java.base/java.util.ArrayList.forEach(ArrayList.java:1596)
... Removed 28 stack frames</pre></div><a href='#' onClick='toggleBox("stack-trace974308356", this, "Click to show all stack frames", "Click to hide stack frames")'>Click to show all stack frames</a>
<div class='stack-trace' id='stack-trace974308356'><pre>org.testng.TestNGException: 
Parameter &apos;browser&apos; is required by BeforeMethod on method launchingAndLoadingURL but has not been marked @Optional or defined
in C:\Users\ADMIN\eclipse-workspace1\GuviMiniProject\testngHomePage.xml
	at org.testng.internal.Parameters.createParams(Parameters.java:264)
	at org.testng.internal.Parameters.createParametersForMethod(Parameters.java:352)
	at org.testng.internal.Parameters.createParameters(Parameters.java:690)
	at org.testng.internal.Parameters.createConfigurationParameters(Parameters.java:163)
	at org.testng.internal.invokers.ConfigInvoker.invokeConfigurations(ConfigInvoker.java:313)
	at org.testng.internal.invokers.TestInvoker.runConfigMethods(TestInvoker.java:836)
	at org.testng.internal.invokers.TestInvoker.invokeMethod(TestInvoker.java:601)
	at org.testng.internal.invokers.TestInvoker.invokeTestMethod(TestInvoker.java:230)
	at org.testng.internal.invokers.MethodRunner.runInSequence(MethodRunner.java:63)
	at org.testng.internal.invokers.TestInvoker$MethodInvocationAgent.invoke(TestInvoker.java:995)
	at org.testng.internal.invokers.TestInvoker.invokeTestMethods(TestInvoker.java:203)
	at org.testng.internal.invokers.TestMethodWorker.invokeTestMethods(TestMethodWorker.java:154)
	at org.testng.internal.invokers.TestMethodWorker.run(TestMethodWorker.java:134)
	at java.base/java.util.ArrayList.forEach(ArrayList.java:1596)
	at org.testng.TestRunner.privateRun(TestRunner.java:741)
	at org.testng.TestRunner.run(TestRunner.java:616)
	at org.testng.SuiteRunner.runTest(SuiteRunner.java:421)
	at org.testng.SuiteRunner.runSequentially(SuiteRunner.java:413)
	at org.testng.SuiteRunner.privateRun(SuiteRunner.java:373)
	at org.testng.SuiteRunner.run(SuiteRunner.java:312)
	at org.testng.SuiteRunnerWorker.runSuite(SuiteRunnerWorker.java:52)
	at org.testng.SuiteRunnerWorker.run(SuiteRunnerWorker.java:95)
	at org.testng.TestNG.runSuitesSequentially(TestNG.java:1274)
	at org.testng.TestNG.runSuitesLocally(TestNG.java:1208)
	at org.testng.TestNG.runSuites(TestNG.java:1112)
	at org.testng.TestNG.run(TestNG.java:1079)
	at org.testng.remote.AbstractRemoteTestNG.run(AbstractRemoteTestNG.java:115)
	at org.testng.remote.RemoteTestNG.initAndRun(RemoteTestNG.java:293)
	at org.testng.remote.RemoteTestNG.main(RemoteTestNG.java:91)
</pre></div></td>
<td>0</td>
<td>com.qa.test.TC_001_HomePageTest@50b5ac82</td></tr>
<tr>
<td title='com.qa.test.TC_001_HomePageTest.verifySecondImageAfterClickingNext()'><b>verifySecondImageAfterClickingNext</b><br>Test class: com.qa.test.TC_001_HomePageTest</td>
<td><div><pre>org.testng.TestNGException: 
Parameter &apos;browser&apos; is required by BeforeMethod on method launchingAndLoadingURL but has not been marked @Optional or defined
in C:\Users\ADMIN\eclipse-workspace1\GuviMiniProject\testngHomePage.xml
	at java.base/java.util.ArrayList.forEach(ArrayList.java:1596)
... Removed 28 stack frames</pre></div><a href='#' onClick='toggleBox("stack-trace1958402562", this, "Click to show all stack frames", "Click to hide stack frames")'>Click to show all stack frames</a>
<div class='stack-trace' id='stack-trace1958402562'><pre>org.testng.TestNGException: 
Parameter &apos;browser&apos; is required by BeforeMethod on method launchingAndLoadingURL but has not been marked @Optional or defined
in C:\Users\ADMIN\eclipse-workspace1\GuviMiniProject\testngHomePage.xml
	at org.testng.internal.Parameters.createParams(Parameters.java:264)
	at org.testng.internal.Parameters.createParametersForMethod(Parameters.java:352)
	at org.testng.internal.Parameters.createParameters(Parameters.java:690)
	at org.testng.internal.Parameters.createConfigurationParameters(Parameters.java:163)
	at org.testng.internal.invokers.ConfigInvoker.invokeConfigurations(ConfigInvoker.java:313)
	at org.testng.internal.invokers.TestInvoker.runConfigMethods(TestInvoker.java:836)
	at org.testng.internal.invokers.TestInvoker.invokeMethod(TestInvoker.java:601)
	at org.testng.internal.invokers.TestInvoker.invokeTestMethod(TestInvoker.java:230)
	at org.testng.internal.invokers.MethodRunner.runInSequence(MethodRunner.java:63)
	at org.testng.internal.invokers.TestInvoker$MethodInvocationAgent.invoke(TestInvoker.java:995)
	at org.testng.internal.invokers.TestInvoker.invokeTestMethods(TestInvoker.java:203)
	at org.testng.internal.invokers.TestMethodWorker.invokeTestMethods(TestMethodWorker.java:154)
	at org.testng.internal.invokers.TestMethodWorker.run(TestMethodWorker.java:134)
	at java.base/java.util.ArrayList.forEach(ArrayList.java:1596)
	at org.testng.TestRunner.privateRun(TestRunner.java:741)
	at org.testng.TestRunner.run(TestRunner.java:616)
	at org.testng.SuiteRunner.runTest(SuiteRunner.java:421)
	at org.testng.SuiteRunner.runSequentially(SuiteRunner.java:413)
	at org.testng.SuiteRunner.privateRun(SuiteRunner.java:373)
	at org.testng.SuiteRunner.run(SuiteRunner.java:312)
	at org.testng.SuiteRunnerWorker.runSuite(SuiteRunnerWorker.java:52)
	at org.testng.SuiteRunnerWorker.run(SuiteRunnerWorker.java:95)
	at org.testng.TestNG.runSuitesSequentially(TestNG.java:1274)
	at org.testng.TestNG.runSuitesLocally(TestNG.java:1208)
	at org.testng.TestNG.runSuites(TestNG.java:1112)
	at org.testng.TestNG.run(TestNG.java:1079)
	at org.testng.remote.AbstractRemoteTestNG.run(AbstractRemoteTestNG.java:115)
	at org.testng.remote.RemoteTestNG.initAndRun(RemoteTestNG.java:293)
	at org.testng.remote.RemoteTestNG.main(RemoteTestNG.java:91)
</pre></div></td>
<td>0</td>
<td>com.qa.test.TC_001_HomePageTest@50b5ac82</td></tr>
<tr>
<td title='com.qa.test.TC_001_HomePageTest.verifyAllCarouselImagesAreDisplayed()'><b>verifyAllCarouselImagesAreDisplayed</b><br>Test class: com.qa.test.TC_001_HomePageTest</td>
<td><div><pre>org.testng.TestNGException: 
Parameter &apos;browser&apos; is required by BeforeMethod on method launchingAndLoadingURL but has not been marked @Optional or defined
in C:\Users\ADMIN\eclipse-workspace1\GuviMiniProject\testngHomePage.xml
	at java.base/java.util.ArrayList.forEach(ArrayList.java:1596)
... Removed 28 stack frames</pre></div><a href='#' onClick='toggleBox("stack-trace2035381640", this, "Click to show all stack frames", "Click to hide stack frames")'>Click to show all stack frames</a>
<div class='stack-trace' id='stack-trace2035381640'><pre>org.testng.TestNGException: 
Parameter &apos;browser&apos; is required by BeforeMethod on method launchingAndLoadingURL but has not been marked @Optional or defined
in C:\Users\ADMIN\eclipse-workspace1\GuviMiniProject\testngHomePage.xml
	at org.testng.internal.Parameters.createParams(Parameters.java:264)
	at org.testng.internal.Parameters.createParametersForMethod(Parameters.java:352)
	at org.testng.internal.Parameters.createParameters(Parameters.java:690)
	at org.testng.internal.Parameters.createConfigurationParameters(Parameters.java:163)
	at org.testng.internal.invokers.ConfigInvoker.invokeConfigurations(ConfigInvoker.java:313)
	at org.testng.internal.invokers.TestInvoker.runConfigMethods(TestInvoker.java:836)
	at org.testng.internal.invokers.TestInvoker.invokeMethod(TestInvoker.java:601)
	at org.testng.internal.invokers.TestInvoker.invokeTestMethod(TestInvoker.java:230)
	at org.testng.internal.invokers.MethodRunner.runInSequence(MethodRunner.java:63)
	at org.testng.internal.invokers.TestInvoker$MethodInvocationAgent.invoke(TestInvoker.java:995)
	at org.testng.internal.invokers.TestInvoker.invokeTestMethods(TestInvoker.java:203)
	at org.testng.internal.invokers.TestMethodWorker.invokeTestMethods(TestMethodWorker.java:154)
	at org.testng.internal.invokers.TestMethodWorker.run(TestMethodWorker.java:134)
	at java.base/java.util.ArrayList.forEach(ArrayList.java:1596)
	at org.testng.TestRunner.privateRun(TestRunner.java:741)
	at org.testng.TestRunner.run(TestRunner.java:616)
	at org.testng.SuiteRunner.runTest(SuiteRunner.java:421)
	at org.testng.SuiteRunner.runSequentially(SuiteRunner.java:413)
	at org.testng.SuiteRunner.privateRun(SuiteRunner.java:373)
	at org.testng.SuiteRunner.run(SuiteRunner.java:312)
	at org.testng.SuiteRunnerWorker.runSuite(SuiteRunnerWorker.java:52)
	at org.testng.SuiteRunnerWorker.run(SuiteRunnerWorker.java:95)
	at org.testng.TestNG.runSuitesSequentially(TestNG.java:1274)
	at org.testng.TestNG.runSuitesLocally(TestNG.java:1208)
	at org.testng.TestNG.runSuites(TestNG.java:1112)
	at org.testng.TestNG.run(TestNG.java:1079)
	at org.testng.remote.AbstractRemoteTestNG.run(AbstractRemoteTestNG.java:115)
	at org.testng.remote.RemoteTestNG.initAndRun(RemoteTestNG.java:293)
	at org.testng.remote.RemoteTestNG.main(RemoteTestNG.java:91)
</pre></div></td>
<td>0</td>
<td>com.qa.test.TC_001_HomePageTest@50b5ac82</td></tr>
<tr>
<td title='com.qa.test.TC_001_HomePageTest.verifyPhoneCategoriesNavigation()'><b>verifyPhoneCategoriesNavigation</b><br>Test class: com.qa.test.TC_001_HomePageTest</td>
<td><div><pre>org.testng.TestNGException: 
Parameter &apos;browser&apos; is required by BeforeMethod on method launchingAndLoadingURL but has not been marked @Optional or defined
in C:\Users\ADMIN\eclipse-workspace1\GuviMiniProject\testngHomePage.xml
	at java.base/java.util.ArrayList.forEach(ArrayList.java:1596)
... Removed 28 stack frames</pre></div><a href='#' onClick='toggleBox("stack-trace896072146", this, "Click to show all stack frames", "Click to hide stack frames")'>Click to show all stack frames</a>
<div class='stack-trace' id='stack-trace896072146'><pre>org.testng.TestNGException: 
Parameter &apos;browser&apos; is required by BeforeMethod on method launchingAndLoadingURL but has not been marked @Optional or defined
in C:\Users\ADMIN\eclipse-workspace1\GuviMiniProject\testngHomePage.xml
	at org.testng.internal.Parameters.createParams(Parameters.java:264)
	at org.testng.internal.Parameters.createParametersForMethod(Parameters.java:352)
	at org.testng.internal.Parameters.createParameters(Parameters.java:690)
	at org.testng.internal.Parameters.createConfigurationParameters(Parameters.java:163)
	at org.testng.internal.invokers.ConfigInvoker.invokeConfigurations(ConfigInvoker.java:313)
	at org.testng.internal.invokers.TestInvoker.runConfigMethods(TestInvoker.java:836)
	at org.testng.internal.invokers.TestInvoker.invokeMethod(TestInvoker.java:601)
	at org.testng.internal.invokers.TestInvoker.invokeTestMethod(TestInvoker.java:230)
	at org.testng.internal.invokers.MethodRunner.runInSequence(MethodRunner.java:63)
	at org.testng.internal.invokers.TestInvoker$MethodInvocationAgent.invoke(TestInvoker.java:995)
	at org.testng.internal.invokers.TestInvoker.invokeTestMethods(TestInvoker.java:203)
	at org.testng.internal.invokers.TestMethodWorker.invokeTestMethods(TestMethodWorker.java:154)
	at org.testng.internal.invokers.TestMethodWorker.run(TestMethodWorker.java:134)
	at java.base/java.util.ArrayList.forEach(ArrayList.java:1596)
	at org.testng.TestRunner.privateRun(TestRunner.java:741)
	at org.testng.TestRunner.run(TestRunner.java:616)
	at org.testng.SuiteRunner.runTest(SuiteRunner.java:421)
	at org.testng.SuiteRunner.runSequentially(SuiteRunner.java:413)
	at org.testng.SuiteRunner.privateRun(SuiteRunner.java:373)
	at org.testng.SuiteRunner.run(SuiteRunner.java:312)
	at org.testng.SuiteRunnerWorker.runSuite(SuiteRunnerWorker.java:52)
	at org.testng.SuiteRunnerWorker.run(SuiteRunnerWorker.java:95)
	at org.testng.TestNG.runSuitesSequentially(TestNG.java:1274)
	at org.testng.TestNG.runSuitesLocally(TestNG.java:1208)
	at org.testng.TestNG.runSuites(TestNG.java:1112)
	at org.testng.TestNG.run(TestNG.java:1079)
	at org.testng.remote.AbstractRemoteTestNG.run(AbstractRemoteTestNG.java:115)
	at org.testng.remote.RemoteTestNG.initAndRun(RemoteTestNG.java:293)
	at org.testng.remote.RemoteTestNG.main(RemoteTestNG.java:91)
</pre></div></td>
<td>0</td>
<td>com.qa.test.TC_001_HomePageTest@50b5ac82</td></tr>
<tr>
<td title='com.qa.test.TC_001_HomePageTest.verifySignUpButtonIsVisibleOnHomePage()'><b>verifySignUpButtonIsVisibleOnHomePage</b><br>Test class: com.qa.test.TC_001_HomePageTest</td>
<td><div><pre>org.testng.TestNGException: 
Parameter &apos;browser&apos; is required by BeforeMethod on method launchingAndLoadingURL but has not been marked @Optional or defined
in C:\Users\ADMIN\eclipse-workspace1\GuviMiniProject\testngHomePage.xml
	at java.base/java.util.ArrayList.forEach(ArrayList.java:1596)
... Removed 28 stack frames</pre></div><a href='#' onClick='toggleBox("stack-trace883455411", this, "Click to show all stack frames", "Click to hide stack frames")'>Click to show all stack frames</a>
<div class='stack-trace' id='stack-trace883455411'><pre>org.testng.TestNGException: 
Parameter &apos;browser&apos; is required by BeforeMethod on method launchingAndLoadingURL but has not been marked @Optional or defined
in C:\Users\ADMIN\eclipse-workspace1\GuviMiniProject\testngHomePage.xml
	at org.testng.internal.Parameters.createParams(Parameters.java:264)
	at org.testng.internal.Parameters.createParametersForMethod(Parameters.java:352)
	at org.testng.internal.Parameters.createParameters(Parameters.java:690)
	at org.testng.internal.Parameters.createConfigurationParameters(Parameters.java:163)
	at org.testng.internal.invokers.ConfigInvoker.invokeConfigurations(ConfigInvoker.java:313)
	at org.testng.internal.invokers.TestInvoker.runConfigMethods(TestInvoker.java:836)
	at org.testng.internal.invokers.TestInvoker.invokeMethod(TestInvoker.java:601)
	at org.testng.internal.invokers.TestInvoker.invokeTestMethod(TestInvoker.java:230)
	at org.testng.internal.invokers.MethodRunner.runInSequence(MethodRunner.java:63)
	at org.testng.internal.invokers.TestInvoker$MethodInvocationAgent.invoke(TestInvoker.java:995)
	at org.testng.internal.invokers.TestInvoker.invokeTestMethods(TestInvoker.java:203)
	at org.testng.internal.invokers.TestMethodWorker.invokeTestMethods(TestMethodWorker.java:154)
	at org.testng.internal.invokers.TestMethodWorker.run(TestMethodWorker.java:134)
	at java.base/java.util.ArrayList.forEach(ArrayList.java:1596)
	at org.testng.TestRunner.privateRun(TestRunner.java:741)
	at org.testng.TestRunner.run(TestRunner.java:616)
	at org.testng.SuiteRunner.runTest(SuiteRunner.java:421)
	at org.testng.SuiteRunner.runSequentially(SuiteRunner.java:413)
	at org.testng.SuiteRunner.privateRun(SuiteRunner.java:373)
	at org.testng.SuiteRunner.run(SuiteRunner.java:312)
	at org.testng.SuiteRunnerWorker.runSuite(SuiteRunnerWorker.java:52)
	at org.testng.SuiteRunnerWorker.run(SuiteRunnerWorker.java:95)
	at org.testng.TestNG.runSuitesSequentially(TestNG.java:1274)
	at org.testng.TestNG.runSuitesLocally(TestNG.java:1208)
	at org.testng.TestNG.runSuites(TestNG.java:1112)
	at org.testng.TestNG.run(TestNG.java:1079)
	at org.testng.remote.AbstractRemoteTestNG.run(AbstractRemoteTestNG.java:115)
	at org.testng.remote.RemoteTestNG.initAndRun(RemoteTestNG.java:293)
	at org.testng.remote.RemoteTestNG.main(RemoteTestNG.java:91)
</pre></div></td>
<td>0</td>
<td>com.qa.test.TC_001_HomePageTest@50b5ac82</td></tr>
<tr>
<td title='com.qa.test.TC_001_HomePageTest.testMenuItemsAreDisplayed()'><b>testMenuItemsAreDisplayed</b><br>Test class: com.qa.test.TC_001_HomePageTest</td>
<td><div><pre>org.testng.TestNGException: 
Parameter &apos;browser&apos; is required by BeforeMethod on method launchingAndLoadingURL but has not been marked @Optional or defined
in C:\Users\ADMIN\eclipse-workspace1\GuviMiniProject\testngHomePage.xml
	at java.base/java.util.ArrayList.forEach(ArrayList.java:1596)
... Removed 28 stack frames</pre></div><a href='#' onClick='toggleBox("stack-trace948115224", this, "Click to show all stack frames", "Click to hide stack frames")'>Click to show all stack frames</a>
<div class='stack-trace' id='stack-trace948115224'><pre>org.testng.TestNGException: 
Parameter &apos;browser&apos; is required by BeforeMethod on method launchingAndLoadingURL but has not been marked @Optional or defined
in C:\Users\ADMIN\eclipse-workspace1\GuviMiniProject\testngHomePage.xml
	at org.testng.internal.Parameters.createParams(Parameters.java:264)
	at org.testng.internal.Parameters.createParametersForMethod(Parameters.java:352)
	at org.testng.internal.Parameters.createParameters(Parameters.java:690)
	at org.testng.internal.Parameters.createConfigurationParameters(Parameters.java:163)
	at org.testng.internal.invokers.ConfigInvoker.invokeConfigurations(ConfigInvoker.java:313)
	at org.testng.internal.invokers.TestInvoker.runConfigMethods(TestInvoker.java:836)
	at org.testng.internal.invokers.TestInvoker.invokeMethod(TestInvoker.java:601)
	at org.testng.internal.invokers.TestInvoker.invokeTestMethod(TestInvoker.java:230)
	at org.testng.internal.invokers.MethodRunner.runInSequence(MethodRunner.java:63)
	at org.testng.internal.invokers.TestInvoker$MethodInvocationAgent.invoke(TestInvoker.java:995)
	at org.testng.internal.invokers.TestInvoker.invokeTestMethods(TestInvoker.java:203)
	at org.testng.internal.invokers.TestMethodWorker.invokeTestMethods(TestMethodWorker.java:154)
	at org.testng.internal.invokers.TestMethodWorker.run(TestMethodWorker.java:134)
	at java.base/java.util.ArrayList.forEach(ArrayList.java:1596)
	at org.testng.TestRunner.privateRun(TestRunner.java:741)
	at org.testng.TestRunner.run(TestRunner.java:616)
	at org.testng.SuiteRunner.runTest(SuiteRunner.java:421)
	at org.testng.SuiteRunner.runSequentially(SuiteRunner.java:413)
	at org.testng.SuiteRunner.privateRun(SuiteRunner.java:373)
	at org.testng.SuiteRunner.run(SuiteRunner.java:312)
	at org.testng.SuiteRunnerWorker.runSuite(SuiteRunnerWorker.java:52)
	at org.testng.SuiteRunnerWorker.run(SuiteRunnerWorker.java:95)
	at org.testng.TestNG.runSuitesSequentially(TestNG.java:1274)
	at org.testng.TestNG.runSuitesLocally(TestNG.java:1208)
	at org.testng.TestNG.runSuites(TestNG.java:1112)
	at org.testng.TestNG.run(TestNG.java:1079)
	at org.testng.remote.AbstractRemoteTestNG.run(AbstractRemoteTestNG.java:115)
	at org.testng.remote.RemoteTestNG.initAndRun(RemoteTestNG.java:293)
	at org.testng.remote.RemoteTestNG.main(RemoteTestNG.java:91)
</pre></div></td>
<td>0</td>
<td>com.qa.test.TC_001_HomePageTest@50b5ac82</td></tr>
<tr>
<td title='com.qa.test.TC_001_HomePageTest.verifySignUpWithModalOpens()'><b>verifySignUpWithModalOpens</b><br>Test class: com.qa.test.TC_001_HomePageTest</td>
<td><div><pre>org.testng.TestNGException: 
Parameter &apos;browser&apos; is required by BeforeMethod on method launchingAndLoadingURL but has not been marked @Optional or defined
in C:\Users\ADMIN\eclipse-workspace1\GuviMiniProject\testngHomePage.xml
	at java.base/java.util.ArrayList.forEach(ArrayList.java:1596)
... Removed 28 stack frames</pre></div><a href='#' onClick='toggleBox("stack-trace443290224", this, "Click to show all stack frames", "Click to hide stack frames")'>Click to show all stack frames</a>
<div class='stack-trace' id='stack-trace443290224'><pre>org.testng.TestNGException: 
Parameter &apos;browser&apos; is required by BeforeMethod on method launchingAndLoadingURL but has not been marked @Optional or defined
in C:\Users\ADMIN\eclipse-workspace1\GuviMiniProject\testngHomePage.xml
	at org.testng.internal.Parameters.createParams(Parameters.java:264)
	at org.testng.internal.Parameters.createParametersForMethod(Parameters.java:352)
	at org.testng.internal.Parameters.createParameters(Parameters.java:690)
	at org.testng.internal.Parameters.createConfigurationParameters(Parameters.java:163)
	at org.testng.internal.invokers.ConfigInvoker.invokeConfigurations(ConfigInvoker.java:313)
	at org.testng.internal.invokers.TestInvoker.runConfigMethods(TestInvoker.java:836)
	at org.testng.internal.invokers.TestInvoker.invokeMethod(TestInvoker.java:601)
	at org.testng.internal.invokers.TestInvoker.invokeTestMethod(TestInvoker.java:230)
	at org.testng.internal.invokers.MethodRunner.runInSequence(MethodRunner.java:63)
	at org.testng.internal.invokers.TestInvoker$MethodInvocationAgent.invoke(TestInvoker.java:995)
	at org.testng.internal.invokers.TestInvoker.invokeTestMethods(TestInvoker.java:203)
	at org.testng.internal.invokers.TestMethodWorker.invokeTestMethods(TestMethodWorker.java:154)
	at org.testng.internal.invokers.TestMethodWorker.run(TestMethodWorker.java:134)
	at java.base/java.util.ArrayList.forEach(ArrayList.java:1596)
	at org.testng.TestRunner.privateRun(TestRunner.java:741)
	at org.testng.TestRunner.run(TestRunner.java:616)
	at org.testng.SuiteRunner.runTest(SuiteRunner.java:421)
	at org.testng.SuiteRunner.runSequentially(SuiteRunner.java:413)
	at org.testng.SuiteRunner.privateRun(SuiteRunner.java:373)
	at org.testng.SuiteRunner.run(SuiteRunner.java:312)
	at org.testng.SuiteRunnerWorker.runSuite(SuiteRunnerWorker.java:52)
	at org.testng.SuiteRunnerWorker.run(SuiteRunnerWorker.java:95)
	at org.testng.TestNG.runSuitesSequentially(TestNG.java:1274)
	at org.testng.TestNG.runSuitesLocally(TestNG.java:1208)
	at org.testng.TestNG.runSuites(TestNG.java:1112)
	at org.testng.TestNG.run(TestNG.java:1079)
	at org.testng.remote.AbstractRemoteTestNG.run(AbstractRemoteTestNG.java:115)
	at org.testng.remote.RemoteTestNG.initAndRun(RemoteTestNG.java:293)
	at org.testng.remote.RemoteTestNG.main(RemoteTestNG.java:91)
</pre></div></td>
<td>0</td>
<td>com.qa.test.TC_001_HomePageTest@50b5ac82</td></tr>
</table><p>
</body>
</html>