<?xml version="1.0" encoding="UTF-8"?>
<!-- Generated by org.testng.reporters.JUnitXMLReporter -->
<testsuite ignored="0" hostname="LAPTOP-MVJK2OM8" failures="0" tests="14" name="Test" time="0.253" errors="0" timestamp="2025-04-25T02:53:28 IST">
  <testcase classname="com.qa.base.ProjectSpecificationMethods" name="@BeforeMethod launchingAndLoadingURL" time="-1.745529808425E9">
    <failure type="org.testng.TestNGException" message="
Parameter &amp;apos;browser&amp;apos; is required by BeforeMethod on method launchingAndLoadingURL but has not been marked @Optional or defined
in C:\Users\ADMIN\eclipse-workspace1\GuviMiniProject\testngHomePage.xml">
      <![CDATA[org.testng.TestNGException: 
Parameter 'browser' is required by BeforeMethod on method launchingAndLoadingURL but has not been marked @Optional or defined
in C:\Users\ADMIN\eclipse-workspace1\GuviMiniProject\testngHomePage.xml
at java.base/java.util.ArrayList.forEach(ArrayList.java:1596)
... Removed 28 stack frames]]>
    </failure>
  </testcase> <!-- @BeforeMethod launchingAndLoadingURL -->
  <testcase classname="com.qa.test.TC_001_HomePageTest" name="@BeforeMethod set" time="0.0">
    <skipped/>
  </testcase> <!-- @BeforeMethod set -->
  <testcase classname="com.qa.base.ProjectSpecificationMethods" name="@AfterMethod browserClose" time="0.0">
    <skipped/>
  </testcase> <!-- @AfterMethod browserClose -->
  <testcase classname="com.qa.base.ProjectSpecificationMethods" name="@BeforeMethod launchingAndLoadingURL" time="0.0">
    <skipped/>
  </testcase> <!-- @BeforeMethod launchingAndLoadingURL -->
  <testcase classname="com.qa.test.TC_001_HomePageTest" name="@BeforeMethod set" time="0.0">
    <skipped/>
  </testcase> <!-- @BeforeMethod set -->
  <testcase classname="com.qa.base.ProjectSpecificationMethods" name="@AfterMethod browserClose" time="0.0">
    <skipped/>
  </testcase> <!-- @AfterMethod browserClose -->
  <testcase classname="com.qa.base.ProjectSpecificationMethods" name="@BeforeMethod launchingAndLoadingURL" time="0.0">
    <skipped/>
  </testcase> <!-- @BeforeMethod launchingAndLoadingURL -->
  <testcase classname="com.qa.test.TC_001_HomePageTest" name="@BeforeMethod set" time="0.0">
    <skipped/>
  </testcase> <!-- @BeforeMethod set -->
  <testcase classname="com.qa.base.ProjectSpecificationMethods" name="@AfterMethod browserClose" time="0.0">
    <skipped/>
  </testcase> <!-- @AfterMethod browserClose -->
  <testcase classname="com.qa.base.ProjectSpecificationMethods" name="@BeforeMethod launchingAndLoadingURL" time="0.0">
    <skipped/>
  </testcase> <!-- @BeforeMethod launchingAndLoadingURL -->
  <testcase classname="com.qa.test.TC_001_HomePageTest" name="@BeforeMethod set" time="0.0">
    <skipped/>
  </testcase> <!-- @BeforeMethod set -->
  <testcase classname="com.qa.base.ProjectSpecificationMethods" name="@AfterMethod browserClose" time="0.0">
    <skipped/>
  </testcase> <!-- @AfterMethod browserClose -->
  <testcase classname="com.qa.base.ProjectSpecificationMethods" name="@BeforeMethod launchingAndLoadingURL" time="0.0">
    <skipped/>
  </testcase> <!-- @BeforeMethod launchingAndLoadingURL -->
  <testcase classname="com.qa.test.TC_001_HomePageTest" name="@BeforeMethod set" time="0.0">
    <skipped/>
  </testcase> <!-- @BeforeMethod set -->
  <testcase classname="com.qa.base.ProjectSpecificationMethods" name="@AfterMethod browserClose" time="0.0">
    <skipped/>
  </testcase> <!-- @AfterMethod browserClose -->
  <testcase classname="com.qa.base.ProjectSpecificationMethods" name="@BeforeMethod launchingAndLoadingURL" time="0.0">
    <skipped/>
  </testcase> <!-- @BeforeMethod launchingAndLoadingURL -->
  <testcase classname="com.qa.test.TC_001_HomePageTest" name="@BeforeMethod set" time="0.0">
    <skipped/>
  </testcase> <!-- @BeforeMethod set -->
  <testcase classname="com.qa.base.ProjectSpecificationMethods" name="@AfterMethod browserClose" time="0.0">
    <skipped/>
  </testcase> <!-- @AfterMethod browserClose -->
  <testcase classname="com.qa.base.ProjectSpecificationMethods" name="@BeforeMethod launchingAndLoadingURL" time="0.0">
    <skipped/>
  </testcase> <!-- @BeforeMethod launchingAndLoadingURL -->
  <testcase classname="com.qa.test.TC_001_HomePageTest" name="@BeforeMethod set" time="0.0">
    <skipped/>
  </testcase> <!-- @BeforeMethod set -->
  <testcase classname="com.qa.base.ProjectSpecificationMethods" name="@AfterMethod browserClose" time="0.0">
    <skipped/>
  </testcase> <!-- @AfterMethod browserClose -->
  <testcase classname="com.qa.base.ProjectSpecificationMethods" name="@BeforeMethod launchingAndLoadingURL" time="0.0">
    <skipped/>
  </testcase> <!-- @BeforeMethod launchingAndLoadingURL -->
  <testcase classname="com.qa.test.TC_001_HomePageTest" name="@BeforeMethod set" time="0.0">
    <skipped/>
  </testcase> <!-- @BeforeMethod set -->
  <testcase classname="com.qa.base.ProjectSpecificationMethods" name="@AfterMethod browserClose" time="0.0">
    <skipped/>
  </testcase> <!-- @AfterMethod browserClose -->
  <testcase classname="com.qa.base.ProjectSpecificationMethods" name="@BeforeMethod launchingAndLoadingURL" time="0.0">
    <skipped/>
  </testcase> <!-- @BeforeMethod launchingAndLoadingURL -->
  <testcase classname="com.qa.test.TC_001_HomePageTest" name="@BeforeMethod set" time="0.0">
    <skipped/>
  </testcase> <!-- @BeforeMethod set -->
  <testcase classname="com.qa.base.ProjectSpecificationMethods" name="@AfterMethod browserClose" time="0.0">
    <skipped/>
  </testcase> <!-- @AfterMethod browserClose -->
  <testcase classname="com.qa.base.ProjectSpecificationMethods" name="@BeforeMethod launchingAndLoadingURL" time="0.0">
    <skipped/>
  </testcase> <!-- @BeforeMethod launchingAndLoadingURL -->
  <testcase classname="com.qa.test.TC_001_HomePageTest" name="@BeforeMethod set" time="0.0">
    <skipped/>
  </testcase> <!-- @BeforeMethod set -->
  <testcase classname="com.qa.base.ProjectSpecificationMethods" name="@AfterMethod browserClose" time="0.0">
    <skipped/>
  </testcase> <!-- @AfterMethod browserClose -->
  <testcase classname="com.qa.base.ProjectSpecificationMethods" name="@BeforeMethod launchingAndLoadingURL" time="0.0">
    <skipped/>
  </testcase> <!-- @BeforeMethod launchingAndLoadingURL -->
  <testcase classname="com.qa.test.TC_001_HomePageTest" name="@BeforeMethod set" time="0.0">
    <skipped/>
  </testcase> <!-- @BeforeMethod set -->
  <testcase classname="com.qa.base.ProjectSpecificationMethods" name="@AfterMethod browserClose" time="0.0">
    <skipped/>
  </testcase> <!-- @AfterMethod browserClose -->
  <testcase classname="com.qa.base.ProjectSpecificationMethods" name="@BeforeMethod launchingAndLoadingURL" time="0.0">
    <skipped/>
  </testcase> <!-- @BeforeMethod launchingAndLoadingURL -->
  <testcase classname="com.qa.test.TC_001_HomePageTest" name="@BeforeMethod set" time="0.0">
    <skipped/>
  </testcase> <!-- @BeforeMethod set -->
  <testcase classname="com.qa.base.ProjectSpecificationMethods" name="@AfterMethod browserClose" time="0.0">
    <skipped/>
  </testcase> <!-- @AfterMethod browserClose -->
  <testcase classname="com.qa.base.ProjectSpecificationMethods" name="@BeforeMethod launchingAndLoadingURL" time="0.0">
    <skipped/>
  </testcase> <!-- @BeforeMethod launchingAndLoadingURL -->
  <testcase classname="com.qa.test.TC_001_HomePageTest" name="@BeforeMethod set" time="0.0">
    <skipped/>
  </testcase> <!-- @BeforeMethod set -->
  <testcase classname="com.qa.base.ProjectSpecificationMethods" name="@AfterMethod browserClose" time="0.0">
    <skipped/>
  </testcase> <!-- @AfterMethod browserClose -->
  <testcase classname="com.qa.base.ProjectSpecificationMethods" name="@BeforeMethod launchingAndLoadingURL" time="0.0">
    <skipped/>
  </testcase> <!-- @BeforeMethod launchingAndLoadingURL -->
  <testcase classname="com.qa.test.TC_001_HomePageTest" name="@BeforeMethod set" time="0.0">
    <skipped/>
  </testcase> <!-- @BeforeMethod set -->
  <testcase classname="com.qa.base.ProjectSpecificationMethods" name="@AfterMethod browserClose" time="0.0">
    <skipped/>
  </testcase> <!-- @AfterMethod browserClose -->
  <testcase classname="com.qa.test.TC_001_HomePageTest" name="verifyAllCarouselImagesAreDisplayed" time="0.0">
    <skipped/>
  </testcase> <!-- verifyAllCarouselImagesAreDisplayed -->
  <testcase classname="com.qa.test.TC_001_HomePageTest" name="verifyPhoneCategoriesNavigation" time="0.0">
    <skipped/>
  </testcase> <!-- verifyPhoneCategoriesNavigation -->
  <testcase classname="com.qa.test.TC_001_HomePageTest" name="verifyPrevButtonDisplaysFirstImage" time="0.0">
    <skipped/>
  </testcase> <!-- verifyPrevButtonDisplaysFirstImage -->
  <testcase classname="com.qa.test.TC_001_HomePageTest" name="verifyPrevButtonDisplaysImage3" time="0.0">
    <skipped/>
  </testcase> <!-- verifyPrevButtonDisplaysImage3 -->
  <testcase classname="com.qa.test.TC_001_HomePageTest" name="verifySecondImageAfterClickingNext" time="0.001">
    <skipped/>
  </testcase> <!-- verifySecondImageAfterClickingNext -->
  <testcase classname="com.qa.test.TC_001_HomePageTest" name="verifyAppUrl" time="0.0">
    <skipped/>
  </testcase> <!-- verifyAppUrl -->
  <testcase classname="com.qa.test.TC_001_HomePageTest" name="verifySignUpButtonIsVisibleOnHomePage" time="0.0">
    <skipped/>
  </testcase> <!-- verifySignUpButtonIsVisibleOnHomePage -->
  <testcase classname="com.qa.test.TC_001_HomePageTest" name="verifySignUpWithModalOpens" time="0.001">
    <skipped/>
  </testcase> <!-- verifySignUpWithModalOpens -->
  <testcase classname="com.qa.test.TC_001_HomePageTest" name="verifyLoginIsActive" time="0.0">
    <skipped/>
  </testcase> <!-- verifyLoginIsActive -->
  <testcase classname="com.qa.test.TC_001_HomePageTest" name="verifyHomePageTitle" time="0.0">
    <skipped/>
  </testcase> <!-- verifyHomePageTitle -->
  <testcase classname="com.qa.test.TC_001_HomePageTest" name="verifyLogoIsDisplayed" time="0.0">
    <skipped/>
  </testcase> <!-- verifyLogoIsDisplayed -->
  <testcase classname="com.qa.test.TC_001_HomePageTest" name="verifyTotalCategories" time="0.0">
    <skipped/>
  </testcase> <!-- verifyTotalCategories -->
  <testcase classname="com.qa.test.TC_001_HomePageTest" name="testMenuItemsAreDisplayed" time="0.0">
    <skipped/>
  </testcase> <!-- testMenuItemsAreDisplayed -->
  <testcase classname="com.qa.test.TC_001_HomePageTest" name="verifyCategoryNames" time="0.0">
    <skipped/>
  </testcase> <!-- verifyCategoryNames -->
</testsuite> <!-- Test -->
